<?xml version="1.0" encoding="UTF-8"?>
<!-- Generated by org.testng.reporters.JUnitReportReporter -->
<testsuite skipped="0" hostname="IBM-Testing01" name="valid_member_alerts" tests="3" failures="0" timestamp="28 Dec 2019 03:30:07 GMT" time="3.021" errors="0">
  <testcase name="login" time="1.377" classname="valid_member_alerts"/>
  <testcase name="memberalerts" time="1.566" classname="valid_member_alerts"/>
  <testcase name="Mo" time="0.078" classname="valid_member_alerts"/>
</testsuite> <!-- valid_member_alerts -->
