<?xml version="1.0" encoding="UTF-8"?>
<!-- Generated by org.testng.reporters.JUnitReportReporter -->
<testsuite skipped="0" hostname="IBM-Testing01" name="NewTest" tests="2" failures="0" timestamp="27 Dec 2019 10:32:01 GMT" time="2.517" errors="0">
  <testcase name="testcase1_login" time="1.165" classname="NewTest"/>
  <testcase name="testcase4" time="1.352" classname="NewTest"/>
</testsuite> <!-- NewTest -->
